This is pdfTeX, Version 3.14159265-2.6-1.40.19 (TeX Live 2018) (preloaded format=pdflatex 2018.12.4)  25 MAR 2020 07:44
entering extended mode
 restricted \write18 enabled.
 %&-line parsing enabled.
**/private/var/folders/02/qxs2_mmd301bj9dsvq6hgkj40000gn/T/RtmpPYMcJR/preview-e
70e237dbb51.dir/intro.tex

(/private/var/folders/02/qxs2_mmd301bj9dsvq6hgkj40000gn/T/RtmpPYMcJR/preview-e7
0e237dbb51.dir/intro.tex
LaTeX2e <2018-04-01> patch level 2
Babel <3.18> and hyphenation patterns for 22 language(s) loaded.

! LaTeX Error: File `tufte-handout.cls' not found.

Type X to quit or <RETURN> to proceed,
or enter new name. (Default extension: cls)

Enter file name: 
! Emergency stop.
<read *> 
         
l.2 ^^M
        
Here is how much of TeX's memory you used:
 11 strings out of 494091
 477 string characters out of 6163523
 52707 words of memory out of 5000000
 3783 multiletter control sequences out of 15000+600000
 3640 words of font info for 14 fonts, out of 8000000 for 9000
 319 hyphenation exceptions out of 8191
 10i,0n,8p,136b,8s stack positions out of 5000i,500n,10000p,200000b,80000s

!  ==> Fatal error occurred, no output PDF file produced!
